#! /opt/local/bin/vvp
:ivl_version "10.1 (stable)" "(v10_1_1)";
:ivl_delay_selection "TYPICAL";
:vpi_time_precision + 0;
:vpi_module "system";
:vpi_module "vhdl_sys";
:vpi_module "v2005_math";
:vpi_module "va_math";
S_0x7fe1b9e19820 .scope module, "mux16_to_1_t" "mux16_to_1_t" 2 3;
 .timescale 0 0;
v0x7fe1b9e19ae0_0 .var "a", 7 0;
v0x7fe1b9e29f60_0 .var "b", 7 0;
v0x7fe1b9e29ff0_0 .var "c", 7 0;
v0x7fe1b9e2a0a0_0 .var "d", 7 0;
v0x7fe1b9e2a150_0 .var "e", 7 0;
v0x7fe1b9e2a220_0 .var "f", 7 0;
v0x7fe1b9e2a2d0_0 .var "g", 7 0;
v0x7fe1b9e2a380_0 .var "h", 7 0;
v0x7fe1b9e2a430_0 .var "i", 7 0;
v0x7fe1b9e2a560_0 .var "j", 7 0;
v0x7fe1b9e2a5f0_0 .var "k", 7 0;
v0x7fe1b9e2a680_0 .var "l", 7 0;
v0x7fe1b9e2a730_0 .var "m", 7 0;
v0x7fe1b9e2a7e0_0 .var "n", 7 0;
v0x7fe1b9e2a890_0 .var "o", 7 0;
v0x7fe1b9e2a940_0 .net "out", 7 0, v0x7fe1b9e29ae0_0;  1 drivers
v0x7fe1b9e2a9f0_0 .var "p", 7 0;
v0x7fe1b9e2aba0_0 .var "sel", 3 0;
S_0x7fe1b9e19980 .scope module, "o1" "mux16_to_1" 2 9, 3 1 0, S_0x7fe1b9e19820;
 .timescale 0 0;
    .port_info 0 /OUTPUT 8 "out"
    .port_info 1 /INPUT 8 "a"
    .port_info 2 /INPUT 8 "b"
    .port_info 3 /INPUT 8 "c"
    .port_info 4 /INPUT 8 "d"
    .port_info 5 /INPUT 8 "e"
    .port_info 6 /INPUT 8 "f"
    .port_info 7 /INPUT 8 "g"
    .port_info 8 /INPUT 8 "h"
    .port_info 9 /INPUT 8 "i"
    .port_info 10 /INPUT 8 "j"
    .port_info 11 /INPUT 8 "k"
    .port_info 12 /INPUT 8 "l"
    .port_info 13 /INPUT 8 "m"
    .port_info 14 /INPUT 8 "n"
    .port_info 15 /INPUT 8 "o"
    .port_info 16 /INPUT 8 "p"
    .port_info 17 /INPUT 4 "sel"
v0x7fe1b9e19da0_0 .net "a", 7 0, v0x7fe1b9e19ae0_0;  1 drivers
v0x7fe1b9e290b0_0 .net "b", 7 0, v0x7fe1b9e29f60_0;  1 drivers
v0x7fe1b9e29150_0 .net "c", 7 0, v0x7fe1b9e29ff0_0;  1 drivers
v0x7fe1b9e29200_0 .net "d", 7 0, v0x7fe1b9e2a0a0_0;  1 drivers
v0x7fe1b9e292b0_0 .net "e", 7 0, v0x7fe1b9e2a150_0;  1 drivers
v0x7fe1b9e293a0_0 .net "f", 7 0, v0x7fe1b9e2a220_0;  1 drivers
v0x7fe1b9e29450_0 .net "g", 7 0, v0x7fe1b9e2a2d0_0;  1 drivers
v0x7fe1b9e29500_0 .net "h", 7 0, v0x7fe1b9e2a380_0;  1 drivers
v0x7fe1b9e295b0_0 .net "i", 7 0, v0x7fe1b9e2a430_0;  1 drivers
v0x7fe1b9e296c0_0 .net "j", 7 0, v0x7fe1b9e2a560_0;  1 drivers
v0x7fe1b9e29770_0 .net "k", 7 0, v0x7fe1b9e2a5f0_0;  1 drivers
v0x7fe1b9e29820_0 .net "l", 7 0, v0x7fe1b9e2a680_0;  1 drivers
v0x7fe1b9e298d0_0 .net "m", 7 0, v0x7fe1b9e2a730_0;  1 drivers
v0x7fe1b9e29980_0 .net "n", 7 0, v0x7fe1b9e2a7e0_0;  1 drivers
v0x7fe1b9e29a30_0 .net "o", 7 0, v0x7fe1b9e2a890_0;  1 drivers
v0x7fe1b9e29ae0_0 .var "out", 7 0;
v0x7fe1b9e29b90_0 .net "p", 7 0, v0x7fe1b9e2a9f0_0;  1 drivers
v0x7fe1b9e29d20_0 .net "sel", 3 0, v0x7fe1b9e2aba0_0;  1 drivers
E_0x7fe1b9e19030/0 .event edge, v0x7fe1b9e29d20_0, v0x7fe1b9e29b90_0, v0x7fe1b9e29a30_0, v0x7fe1b9e29980_0;
E_0x7fe1b9e19030/1 .event edge, v0x7fe1b9e298d0_0, v0x7fe1b9e29770_0, v0x7fe1b9e296c0_0, v0x7fe1b9e295b0_0;
E_0x7fe1b9e19030/2 .event edge, v0x7fe1b9e29500_0, v0x7fe1b9e29450_0, v0x7fe1b9e293a0_0, v0x7fe1b9e292b0_0;
E_0x7fe1b9e19030/3 .event edge, v0x7fe1b9e29200_0, v0x7fe1b9e29150_0, v0x7fe1b9e290b0_0, v0x7fe1b9e19da0_0;
E_0x7fe1b9e19030 .event/or E_0x7fe1b9e19030/0, E_0x7fe1b9e19030/1, E_0x7fe1b9e19030/2, E_0x7fe1b9e19030/3;
    .scope S_0x7fe1b9e19980;
T_0 ;
    %wait E_0x7fe1b9e19030;
    %load/vec4 v0x7fe1b9e29d20_0;
    %dup/vec4;
    %pushi/vec4 0, 0, 4;
    %cmp/u;
    %jmp/1 T_0.0, 6;
    %dup/vec4;
    %pushi/vec4 1, 0, 4;
    %cmp/u;
    %jmp/1 T_0.1, 6;
    %dup/vec4;
    %pushi/vec4 2, 0, 4;
    %cmp/u;
    %jmp/1 T_0.2, 6;
    %dup/vec4;
    %pushi/vec4 3, 0, 4;
    %cmp/u;
    %jmp/1 T_0.3, 6;
    %dup/vec4;
    %pushi/vec4 4, 0, 4;
    %cmp/u;
    %jmp/1 T_0.4, 6;
    %dup/vec4;
    %pushi/vec4 5, 0, 4;
    %cmp/u;
    %jmp/1 T_0.5, 6;
    %dup/vec4;
    %pushi/vec4 6, 0, 4;
    %cmp/u;
    %jmp/1 T_0.6, 6;
    %dup/vec4;
    %pushi/vec4 7, 0, 4;
    %cmp/u;
    %jmp/1 T_0.7, 6;
    %dup/vec4;
    %pushi/vec4 8, 0, 4;
    %cmp/u;
    %jmp/1 T_0.8, 6;
    %dup/vec4;
    %pushi/vec4 9, 0, 4;
    %cmp/u;
    %jmp/1 T_0.9, 6;
    %dup/vec4;
    %pushi/vec4 10, 0, 4;
    %cmp/u;
    %jmp/1 T_0.10, 6;
    %dup/vec4;
    %pushi/vec4 11, 0, 4;
    %cmp/u;
    %jmp/1 T_0.11, 6;
    %dup/vec4;
    %pushi/vec4 12, 0, 4;
    %cmp/u;
    %jmp/1 T_0.12, 6;
    %dup/vec4;
    %pushi/vec4 13, 0, 4;
    %cmp/u;
    %jmp/1 T_0.13, 6;
    %dup/vec4;
    %pushi/vec4 14, 0, 4;
    %cmp/u;
    %jmp/1 T_0.14, 6;
    %dup/vec4;
    %pushi/vec4 15, 0, 4;
    %cmp/u;
    %jmp/1 T_0.15, 6;
    %jmp T_0.16;
T_0.0 ;
    %load/vec4 v0x7fe1b9e19da0_0;
    %assign/vec4 v0x7fe1b9e29ae0_0, 0;
    %jmp T_0.16;
T_0.1 ;
    %load/vec4 v0x7fe1b9e290b0_0;
    %assign/vec4 v0x7fe1b9e29ae0_0, 0;
    %jmp T_0.16;
T_0.2 ;
    %load/vec4 v0x7fe1b9e29150_0;
    %assign/vec4 v0x7fe1b9e29ae0_0, 0;
    %jmp T_0.16;
T_0.3 ;
    %load/vec4 v0x7fe1b9e29200_0;
    %assign/vec4 v0x7fe1b9e29ae0_0, 0;
    %jmp T_0.16;
T_0.4 ;
    %load/vec4 v0x7fe1b9e292b0_0;
    %assign/vec4 v0x7fe1b9e29ae0_0, 0;
    %jmp T_0.16;
T_0.5 ;
    %load/vec4 v0x7fe1b9e293a0_0;
    %assign/vec4 v0x7fe1b9e29ae0_0, 0;
    %jmp T_0.16;
T_0.6 ;
    %load/vec4 v0x7fe1b9e29450_0;
    %assign/vec4 v0x7fe1b9e29ae0_0, 0;
    %jmp T_0.16;
T_0.7 ;
    %load/vec4 v0x7fe1b9e29500_0;
    %assign/vec4 v0x7fe1b9e29ae0_0, 0;
    %jmp T_0.16;
T_0.8 ;
    %load/vec4 v0x7fe1b9e295b0_0;
    %assign/vec4 v0x7fe1b9e29ae0_0, 0;
    %jmp T_0.16;
T_0.9 ;
    %load/vec4 v0x7fe1b9e296c0_0;
    %assign/vec4 v0x7fe1b9e29ae0_0, 0;
    %jmp T_0.16;
T_0.10 ;
    %load/vec4 v0x7fe1b9e29770_0;
    %assign/vec4 v0x7fe1b9e29ae0_0, 0;
    %jmp T_0.16;
T_0.11 ;
    %load/vec4 v0x7fe1b9e29820_0;
    %assign/vec4 v0x7fe1b9e29ae0_0, 0;
    %jmp T_0.16;
T_0.12 ;
    %load/vec4 v0x7fe1b9e298d0_0;
    %assign/vec4 v0x7fe1b9e29ae0_0, 0;
    %jmp T_0.16;
T_0.13 ;
    %load/vec4 v0x7fe1b9e29980_0;
    %assign/vec4 v0x7fe1b9e29ae0_0, 0;
    %jmp T_0.16;
T_0.14 ;
    %load/vec4 v0x7fe1b9e29a30_0;
    %assign/vec4 v0x7fe1b9e29ae0_0, 0;
    %jmp T_0.16;
T_0.15 ;
    %load/vec4 v0x7fe1b9e29b90_0;
    %assign/vec4 v0x7fe1b9e29ae0_0, 0;
    %jmp T_0.16;
T_0.16 ;
    %pop/vec4 1;
    %jmp T_0;
    .thread T_0, $push;
    .scope S_0x7fe1b9e19820;
T_1 ;
    %vpi_call 2 13 "$display", "Simulation running..." {0 0 0};
    %vpi_call 2 14 "$dumpfile", "mux16_to_1.vcd" {0 0 0};
    %vpi_call 2 15 "$dumpvars", 32'sb00000000000000000000000000000000, S_0x7fe1b9e19980 {0 0 0};
    %vpi_call 2 18 "$monitor", "%b, %b, %b, %b, %b, %b, %b, %b, %b, %b, %b, %b, %b, %b, %b, %b, --> %b, %b", v0x7fe1b9e19ae0_0, v0x7fe1b9e29f60_0, v0x7fe1b9e29ff0_0, v0x7fe1b9e2a0a0_0, v0x7fe1b9e2a150_0, v0x7fe1b9e2a220_0, v0x7fe1b9e2a2d0_0, v0x7fe1b9e2a380_0, v0x7fe1b9e2a430_0, v0x7fe1b9e2a560_0, v0x7fe1b9e2a5f0_0, v0x7fe1b9e2a680_0, v0x7fe1b9e2a730_0, v0x7fe1b9e2a7e0_0, v0x7fe1b9e2a890_0, v0x7fe1b9e2a9f0_0, v0x7fe1b9e2aba0_0, v0x7fe1b9e2a940_0 {0 0 0};
    %delay 0, 0;
    %pushi/vec4 23, 0, 8;
    %store/vec4 v0x7fe1b9e19ae0_0, 0, 8;
    %pushi/vec4 0, 0, 8;
    %store/vec4 v0x7fe1b9e29f60_0, 0, 8;
    %pushi/vec4 0, 0, 8;
    %store/vec4 v0x7fe1b9e29ff0_0, 0, 8;
    %pushi/vec4 0, 0, 8;
    %store/vec4 v0x7fe1b9e2a0a0_0, 0, 8;
    %pushi/vec4 0, 0, 8;
    %store/vec4 v0x7fe1b9e2a150_0, 0, 8;
    %pushi/vec4 0, 0, 8;
    %store/vec4 v0x7fe1b9e2a220_0, 0, 8;
    %pushi/vec4 0, 0, 8;
    %store/vec4 v0x7fe1b9e2a2d0_0, 0, 8;
    %pushi/vec4 0, 0, 8;
    %store/vec4 v0x7fe1b9e2a380_0, 0, 8;
    %pushi/vec4 0, 0, 8;
    %store/vec4 v0x7fe1b9e2a430_0, 0, 8;
    %pushi/vec4 0, 0, 8;
    %store/vec4 v0x7fe1b9e2a560_0, 0, 8;
    %pushi/vec4 0, 0, 8;
    %store/vec4 v0x7fe1b9e2a5f0_0, 0, 8;
    %pushi/vec4 0, 0, 8;
    %store/vec4 v0x7fe1b9e2a680_0, 0, 8;
    %pushi/vec4 0, 0, 8;
    %store/vec4 v0x7fe1b9e2a730_0, 0, 8;
    %pushi/vec4 0, 0, 8;
    %store/vec4 v0x7fe1b9e2a7e0_0, 0, 8;
    %pushi/vec4 0, 0, 8;
    %store/vec4 v0x7fe1b9e2a890_0, 0, 8;
    %pushi/vec4 0, 0, 8;
    %store/vec4 v0x7fe1b9e2a9f0_0, 0, 8;
    %pushi/vec4 0, 0, 4;
    %store/vec4 v0x7fe1b9e2aba0_0, 0, 4;
    %delay 50, 0;
    %pushi/vec4 0, 0, 8;
    %store/vec4 v0x7fe1b9e19ae0_0, 0, 8;
    %pushi/vec4 2, 0, 8;
    %store/vec4 v0x7fe1b9e29f60_0, 0, 8;
    %pushi/vec4 0, 0, 8;
    %store/vec4 v0x7fe1b9e29ff0_0, 0, 8;
    %pushi/vec4 0, 0, 8;
    %store/vec4 v0x7fe1b9e2a0a0_0, 0, 8;
    %pushi/vec4 0, 0, 8;
    %store/vec4 v0x7fe1b9e2a150_0, 0, 8;
    %pushi/vec4 0, 0, 8;
    %store/vec4 v0x7fe1b9e2a220_0, 0, 8;
    %pushi/vec4 0, 0, 8;
    %store/vec4 v0x7fe1b9e2a2d0_0, 0, 8;
    %pushi/vec4 0, 0, 8;
    %store/vec4 v0x7fe1b9e2a380_0, 0, 8;
    %pushi/vec4 0, 0, 8;
    %store/vec4 v0x7fe1b9e2a430_0, 0, 8;
    %pushi/vec4 0, 0, 8;
    %store/vec4 v0x7fe1b9e2a560_0, 0, 8;
    %pushi/vec4 0, 0, 8;
    %store/vec4 v0x7fe1b9e2a5f0_0, 0, 8;
    %pushi/vec4 0, 0, 8;
    %store/vec4 v0x7fe1b9e2a680_0, 0, 8;
    %pushi/vec4 0, 0, 8;
    %store/vec4 v0x7fe1b9e2a730_0, 0, 8;
    %pushi/vec4 0, 0, 8;
    %store/vec4 v0x7fe1b9e2a7e0_0, 0, 8;
    %pushi/vec4 0, 0, 8;
    %store/vec4 v0x7fe1b9e2a890_0, 0, 8;
    %pushi/vec4 0, 0, 8;
    %store/vec4 v0x7fe1b9e2a9f0_0, 0, 8;
    %pushi/vec4 1, 0, 4;
    %store/vec4 v0x7fe1b9e2aba0_0, 0, 4;
    %delay 50, 0;
    %pushi/vec4 0, 0, 8;
    %store/vec4 v0x7fe1b9e19ae0_0, 0, 8;
    %pushi/vec4 0, 0, 8;
    %store/vec4 v0x7fe1b9e29f60_0, 0, 8;
    %pushi/vec4 3, 0, 8;
    %store/vec4 v0x7fe1b9e29ff0_0, 0, 8;
    %pushi/vec4 0, 0, 8;
    %store/vec4 v0x7fe1b9e2a0a0_0, 0, 8;
    %pushi/vec4 0, 0, 8;
    %store/vec4 v0x7fe1b9e2a150_0, 0, 8;
    %pushi/vec4 0, 0, 8;
    %store/vec4 v0x7fe1b9e2a220_0, 0, 8;
    %pushi/vec4 0, 0, 8;
    %store/vec4 v0x7fe1b9e2a2d0_0, 0, 8;
    %pushi/vec4 0, 0, 8;
    %store/vec4 v0x7fe1b9e2a380_0, 0, 8;
    %pushi/vec4 0, 0, 8;
    %store/vec4 v0x7fe1b9e2a430_0, 0, 8;
    %pushi/vec4 0, 0, 8;
    %store/vec4 v0x7fe1b9e2a560_0, 0, 8;
    %pushi/vec4 0, 0, 8;
    %store/vec4 v0x7fe1b9e2a5f0_0, 0, 8;
    %pushi/vec4 0, 0, 8;
    %store/vec4 v0x7fe1b9e2a680_0, 0, 8;
    %pushi/vec4 0, 0, 8;
    %store/vec4 v0x7fe1b9e2a730_0, 0, 8;
    %pushi/vec4 0, 0, 8;
    %store/vec4 v0x7fe1b9e2a7e0_0, 0, 8;
    %pushi/vec4 0, 0, 8;
    %store/vec4 v0x7fe1b9e2a890_0, 0, 8;
    %pushi/vec4 0, 0, 8;
    %store/vec4 v0x7fe1b9e2a9f0_0, 0, 8;
    %pushi/vec4 2, 0, 4;
    %store/vec4 v0x7fe1b9e2aba0_0, 0, 4;
    %delay 50, 0;
    %pushi/vec4 0, 0, 8;
    %store/vec4 v0x7fe1b9e19ae0_0, 0, 8;
    %pushi/vec4 0, 0, 8;
    %store/vec4 v0x7fe1b9e29f60_0, 0, 8;
    %pushi/vec4 0, 0, 8;
    %store/vec4 v0x7fe1b9e29ff0_0, 0, 8;
    %pushi/vec4 4, 0, 8;
    %store/vec4 v0x7fe1b9e2a0a0_0, 0, 8;
    %pushi/vec4 0, 0, 8;
    %store/vec4 v0x7fe1b9e2a150_0, 0, 8;
    %pushi/vec4 0, 0, 8;
    %store/vec4 v0x7fe1b9e2a220_0, 0, 8;
    %pushi/vec4 0, 0, 8;
    %store/vec4 v0x7fe1b9e2a2d0_0, 0, 8;
    %pushi/vec4 0, 0, 8;
    %store/vec4 v0x7fe1b9e2a380_0, 0, 8;
    %pushi/vec4 0, 0, 8;
    %store/vec4 v0x7fe1b9e2a430_0, 0, 8;
    %pushi/vec4 0, 0, 8;
    %store/vec4 v0x7fe1b9e2a560_0, 0, 8;
    %pushi/vec4 0, 0, 8;
    %store/vec4 v0x7fe1b9e2a5f0_0, 0, 8;
    %pushi/vec4 0, 0, 8;
    %store/vec4 v0x7fe1b9e2a680_0, 0, 8;
    %pushi/vec4 0, 0, 8;
    %store/vec4 v0x7fe1b9e2a730_0, 0, 8;
    %pushi/vec4 0, 0, 8;
    %store/vec4 v0x7fe1b9e2a7e0_0, 0, 8;
    %pushi/vec4 0, 0, 8;
    %store/vec4 v0x7fe1b9e2a890_0, 0, 8;
    %pushi/vec4 0, 0, 8;
    %store/vec4 v0x7fe1b9e2a9f0_0, 0, 8;
    %pushi/vec4 3, 0, 4;
    %store/vec4 v0x7fe1b9e2aba0_0, 0, 4;
    %delay 50, 0;
    %pushi/vec4 0, 0, 8;
    %store/vec4 v0x7fe1b9e19ae0_0, 0, 8;
    %pushi/vec4 0, 0, 8;
    %store/vec4 v0x7fe1b9e29f60_0, 0, 8;
    %pushi/vec4 0, 0, 8;
    %store/vec4 v0x7fe1b9e29ff0_0, 0, 8;
    %pushi/vec4 0, 0, 8;
    %store/vec4 v0x7fe1b9e2a0a0_0, 0, 8;
    %pushi/vec4 5, 0, 8;
    %store/vec4 v0x7fe1b9e2a150_0, 0, 8;
    %pushi/vec4 0, 0, 8;
    %store/vec4 v0x7fe1b9e2a220_0, 0, 8;
    %pushi/vec4 0, 0, 8;
    %store/vec4 v0x7fe1b9e2a2d0_0, 0, 8;
    %pushi/vec4 0, 0, 8;
    %store/vec4 v0x7fe1b9e2a380_0, 0, 8;
    %pushi/vec4 0, 0, 8;
    %store/vec4 v0x7fe1b9e2a430_0, 0, 8;
    %pushi/vec4 0, 0, 8;
    %store/vec4 v0x7fe1b9e2a560_0, 0, 8;
    %pushi/vec4 0, 0, 8;
    %store/vec4 v0x7fe1b9e2a5f0_0, 0, 8;
    %pushi/vec4 0, 0, 8;
    %store/vec4 v0x7fe1b9e2a680_0, 0, 8;
    %pushi/vec4 0, 0, 8;
    %store/vec4 v0x7fe1b9e2a730_0, 0, 8;
    %pushi/vec4 0, 0, 8;
    %store/vec4 v0x7fe1b9e2a7e0_0, 0, 8;
    %pushi/vec4 0, 0, 8;
    %store/vec4 v0x7fe1b9e2a890_0, 0, 8;
    %pushi/vec4 0, 0, 8;
    %store/vec4 v0x7fe1b9e2a9f0_0, 0, 8;
    %pushi/vec4 4, 0, 4;
    %store/vec4 v0x7fe1b9e2aba0_0, 0, 4;
    %delay 50, 0;
    %pushi/vec4 0, 0, 8;
    %store/vec4 v0x7fe1b9e19ae0_0, 0, 8;
    %pushi/vec4 0, 0, 8;
    %store/vec4 v0x7fe1b9e29f60_0, 0, 8;
    %pushi/vec4 0, 0, 8;
    %store/vec4 v0x7fe1b9e29ff0_0, 0, 8;
    %pushi/vec4 0, 0, 8;
    %store/vec4 v0x7fe1b9e2a0a0_0, 0, 8;
    %pushi/vec4 0, 0, 8;
    %store/vec4 v0x7fe1b9e2a150_0, 0, 8;
    %pushi/vec4 6, 0, 8;
    %store/vec4 v0x7fe1b9e2a220_0, 0, 8;
    %pushi/vec4 0, 0, 8;
    %store/vec4 v0x7fe1b9e2a2d0_0, 0, 8;
    %pushi/vec4 0, 0, 8;
    %store/vec4 v0x7fe1b9e2a380_0, 0, 8;
    %pushi/vec4 0, 0, 8;
    %store/vec4 v0x7fe1b9e2a430_0, 0, 8;
    %pushi/vec4 0, 0, 8;
    %store/vec4 v0x7fe1b9e2a560_0, 0, 8;
    %pushi/vec4 0, 0, 8;
    %store/vec4 v0x7fe1b9e2a5f0_0, 0, 8;
    %pushi/vec4 0, 0, 8;
    %store/vec4 v0x7fe1b9e2a680_0, 0, 8;
    %pushi/vec4 0, 0, 8;
    %store/vec4 v0x7fe1b9e2a730_0, 0, 8;
    %pushi/vec4 0, 0, 8;
    %store/vec4 v0x7fe1b9e2a7e0_0, 0, 8;
    %pushi/vec4 0, 0, 8;
    %store/vec4 v0x7fe1b9e2a890_0, 0, 8;
    %pushi/vec4 0, 0, 8;
    %store/vec4 v0x7fe1b9e2a9f0_0, 0, 8;
    %pushi/vec4 5, 0, 4;
    %store/vec4 v0x7fe1b9e2aba0_0, 0, 4;
    %delay 50, 0;
    %pushi/vec4 0, 0, 8;
    %store/vec4 v0x7fe1b9e19ae0_0, 0, 8;
    %pushi/vec4 0, 0, 8;
    %store/vec4 v0x7fe1b9e29f60_0, 0, 8;
    %pushi/vec4 0, 0, 8;
    %store/vec4 v0x7fe1b9e29ff0_0, 0, 8;
    %pushi/vec4 0, 0, 8;
    %store/vec4 v0x7fe1b9e2a0a0_0, 0, 8;
    %pushi/vec4 0, 0, 8;
    %store/vec4 v0x7fe1b9e2a150_0, 0, 8;
    %pushi/vec4 0, 0, 8;
    %store/vec4 v0x7fe1b9e2a220_0, 0, 8;
    %pushi/vec4 7, 0, 8;
    %store/vec4 v0x7fe1b9e2a2d0_0, 0, 8;
    %pushi/vec4 0, 0, 8;
    %store/vec4 v0x7fe1b9e2a380_0, 0, 8;
    %pushi/vec4 0, 0, 8;
    %store/vec4 v0x7fe1b9e2a430_0, 0, 8;
    %pushi/vec4 0, 0, 8;
    %store/vec4 v0x7fe1b9e2a560_0, 0, 8;
    %pushi/vec4 0, 0, 8;
    %store/vec4 v0x7fe1b9e2a5f0_0, 0, 8;
    %pushi/vec4 0, 0, 8;
    %store/vec4 v0x7fe1b9e2a680_0, 0, 8;
    %pushi/vec4 0, 0, 8;
    %store/vec4 v0x7fe1b9e2a730_0, 0, 8;
    %pushi/vec4 0, 0, 8;
    %store/vec4 v0x7fe1b9e2a7e0_0, 0, 8;
    %pushi/vec4 0, 0, 8;
    %store/vec4 v0x7fe1b9e2a890_0, 0, 8;
    %pushi/vec4 0, 0, 8;
    %store/vec4 v0x7fe1b9e2a9f0_0, 0, 8;
    %pushi/vec4 6, 0, 4;
    %store/vec4 v0x7fe1b9e2aba0_0, 0, 4;
    %delay 50, 0;
    %pushi/vec4 0, 0, 8;
    %store/vec4 v0x7fe1b9e19ae0_0, 0, 8;
    %pushi/vec4 0, 0, 8;
    %store/vec4 v0x7fe1b9e29f60_0, 0, 8;
    %pushi/vec4 0, 0, 8;
    %store/vec4 v0x7fe1b9e29ff0_0, 0, 8;
    %pushi/vec4 0, 0, 8;
    %store/vec4 v0x7fe1b9e2a0a0_0, 0, 8;
    %pushi/vec4 0, 0, 8;
    %store/vec4 v0x7fe1b9e2a150_0, 0, 8;
    %pushi/vec4 0, 0, 8;
    %store/vec4 v0x7fe1b9e2a220_0, 0, 8;
    %pushi/vec4 0, 0, 8;
    %store/vec4 v0x7fe1b9e2a2d0_0, 0, 8;
    %pushi/vec4 8, 0, 8;
    %store/vec4 v0x7fe1b9e2a380_0, 0, 8;
    %pushi/vec4 0, 0, 8;
    %store/vec4 v0x7fe1b9e2a430_0, 0, 8;
    %pushi/vec4 0, 0, 8;
    %store/vec4 v0x7fe1b9e2a560_0, 0, 8;
    %pushi/vec4 0, 0, 8;
    %store/vec4 v0x7fe1b9e2a5f0_0, 0, 8;
    %pushi/vec4 0, 0, 8;
    %store/vec4 v0x7fe1b9e2a680_0, 0, 8;
    %pushi/vec4 0, 0, 8;
    %store/vec4 v0x7fe1b9e2a730_0, 0, 8;
    %pushi/vec4 0, 0, 8;
    %store/vec4 v0x7fe1b9e2a7e0_0, 0, 8;
    %pushi/vec4 0, 0, 8;
    %store/vec4 v0x7fe1b9e2a890_0, 0, 8;
    %pushi/vec4 0, 0, 8;
    %store/vec4 v0x7fe1b9e2a9f0_0, 0, 8;
    %pushi/vec4 7, 0, 4;
    %store/vec4 v0x7fe1b9e2aba0_0, 0, 4;
    %delay 50, 0;
    %pushi/vec4 0, 0, 8;
    %store/vec4 v0x7fe1b9e19ae0_0, 0, 8;
    %pushi/vec4 0, 0, 8;
    %store/vec4 v0x7fe1b9e29f60_0, 0, 8;
    %pushi/vec4 0, 0, 8;
    %store/vec4 v0x7fe1b9e29ff0_0, 0, 8;
    %pushi/vec4 0, 0, 8;
    %store/vec4 v0x7fe1b9e2a0a0_0, 0, 8;
    %pushi/vec4 0, 0, 8;
    %store/vec4 v0x7fe1b9e2a150_0, 0, 8;
    %pushi/vec4 0, 0, 8;
    %store/vec4 v0x7fe1b9e2a220_0, 0, 8;
    %pushi/vec4 0, 0, 8;
    %store/vec4 v0x7fe1b9e2a2d0_0, 0, 8;
    %pushi/vec4 0, 0, 8;
    %store/vec4 v0x7fe1b9e2a380_0, 0, 8;
    %pushi/vec4 9, 0, 8;
    %store/vec4 v0x7fe1b9e2a430_0, 0, 8;
    %pushi/vec4 0, 0, 8;
    %store/vec4 v0x7fe1b9e2a560_0, 0, 8;
    %pushi/vec4 0, 0, 8;
    %store/vec4 v0x7fe1b9e2a5f0_0, 0, 8;
    %pushi/vec4 0, 0, 8;
    %store/vec4 v0x7fe1b9e2a680_0, 0, 8;
    %pushi/vec4 0, 0, 8;
    %store/vec4 v0x7fe1b9e2a730_0, 0, 8;
    %pushi/vec4 0, 0, 8;
    %store/vec4 v0x7fe1b9e2a7e0_0, 0, 8;
    %pushi/vec4 0, 0, 8;
    %store/vec4 v0x7fe1b9e2a890_0, 0, 8;
    %pushi/vec4 0, 0, 8;
    %store/vec4 v0x7fe1b9e2a9f0_0, 0, 8;
    %pushi/vec4 8, 0, 4;
    %store/vec4 v0x7fe1b9e2aba0_0, 0, 4;
    %delay 50, 0;
    %pushi/vec4 0, 0, 8;
    %store/vec4 v0x7fe1b9e19ae0_0, 0, 8;
    %pushi/vec4 0, 0, 8;
    %store/vec4 v0x7fe1b9e29f60_0, 0, 8;
    %pushi/vec4 0, 0, 8;
    %store/vec4 v0x7fe1b9e29ff0_0, 0, 8;
    %pushi/vec4 0, 0, 8;
    %store/vec4 v0x7fe1b9e2a0a0_0, 0, 8;
    %pushi/vec4 0, 0, 8;
    %store/vec4 v0x7fe1b9e2a150_0, 0, 8;
    %pushi/vec4 0, 0, 8;
    %store/vec4 v0x7fe1b9e2a220_0, 0, 8;
    %pushi/vec4 0, 0, 8;
    %store/vec4 v0x7fe1b9e2a2d0_0, 0, 8;
    %pushi/vec4 0, 0, 8;
    %store/vec4 v0x7fe1b9e2a380_0, 0, 8;
    %pushi/vec4 0, 0, 8;
    %store/vec4 v0x7fe1b9e2a430_0, 0, 8;
    %pushi/vec4 10, 0, 8;
    %store/vec4 v0x7fe1b9e2a560_0, 0, 8;
    %pushi/vec4 0, 0, 8;
    %store/vec4 v0x7fe1b9e2a5f0_0, 0, 8;
    %pushi/vec4 0, 0, 8;
    %store/vec4 v0x7fe1b9e2a680_0, 0, 8;
    %pushi/vec4 0, 0, 8;
    %store/vec4 v0x7fe1b9e2a730_0, 0, 8;
    %pushi/vec4 0, 0, 8;
    %store/vec4 v0x7fe1b9e2a7e0_0, 0, 8;
    %pushi/vec4 0, 0, 8;
    %store/vec4 v0x7fe1b9e2a890_0, 0, 8;
    %pushi/vec4 0, 0, 8;
    %store/vec4 v0x7fe1b9e2a9f0_0, 0, 8;
    %pushi/vec4 9, 0, 4;
    %store/vec4 v0x7fe1b9e2aba0_0, 0, 4;
    %delay 50, 0;
    %pushi/vec4 0, 0, 8;
    %store/vec4 v0x7fe1b9e19ae0_0, 0, 8;
    %pushi/vec4 0, 0, 8;
    %store/vec4 v0x7fe1b9e29f60_0, 0, 8;
    %pushi/vec4 0, 0, 8;
    %store/vec4 v0x7fe1b9e29ff0_0, 0, 8;
    %pushi/vec4 0, 0, 8;
    %store/vec4 v0x7fe1b9e2a0a0_0, 0, 8;
    %pushi/vec4 0, 0, 8;
    %store/vec4 v0x7fe1b9e2a150_0, 0, 8;
    %pushi/vec4 0, 0, 8;
    %store/vec4 v0x7fe1b9e2a220_0, 0, 8;
    %pushi/vec4 0, 0, 8;
    %store/vec4 v0x7fe1b9e2a2d0_0, 0, 8;
    %pushi/vec4 0, 0, 8;
    %store/vec4 v0x7fe1b9e2a380_0, 0, 8;
    %pushi/vec4 0, 0, 8;
    %store/vec4 v0x7fe1b9e2a430_0, 0, 8;
    %pushi/vec4 0, 0, 8;
    %store/vec4 v0x7fe1b9e2a560_0, 0, 8;
    %pushi/vec4 11, 0, 8;
    %store/vec4 v0x7fe1b9e2a5f0_0, 0, 8;
    %pushi/vec4 0, 0, 8;
    %store/vec4 v0x7fe1b9e2a680_0, 0, 8;
    %pushi/vec4 0, 0, 8;
    %store/vec4 v0x7fe1b9e2a730_0, 0, 8;
    %pushi/vec4 0, 0, 8;
    %store/vec4 v0x7fe1b9e2a7e0_0, 0, 8;
    %pushi/vec4 0, 0, 8;
    %store/vec4 v0x7fe1b9e2a890_0, 0, 8;
    %pushi/vec4 0, 0, 8;
    %store/vec4 v0x7fe1b9e2a9f0_0, 0, 8;
    %pushi/vec4 10, 0, 4;
    %store/vec4 v0x7fe1b9e2aba0_0, 0, 4;
    %delay 50, 0;
    %pushi/vec4 0, 0, 8;
    %store/vec4 v0x7fe1b9e19ae0_0, 0, 8;
    %pushi/vec4 0, 0, 8;
    %store/vec4 v0x7fe1b9e29f60_0, 0, 8;
    %pushi/vec4 0, 0, 8;
    %store/vec4 v0x7fe1b9e29ff0_0, 0, 8;
    %pushi/vec4 0, 0, 8;
    %store/vec4 v0x7fe1b9e2a0a0_0, 0, 8;
    %pushi/vec4 0, 0, 8;
    %store/vec4 v0x7fe1b9e2a150_0, 0, 8;
    %pushi/vec4 0, 0, 8;
    %store/vec4 v0x7fe1b9e2a220_0, 0, 8;
    %pushi/vec4 0, 0, 8;
    %store/vec4 v0x7fe1b9e2a2d0_0, 0, 8;
    %pushi/vec4 0, 0, 8;
    %store/vec4 v0x7fe1b9e2a380_0, 0, 8;
    %pushi/vec4 0, 0, 8;
    %store/vec4 v0x7fe1b9e2a430_0, 0, 8;
    %pushi/vec4 0, 0, 8;
    %store/vec4 v0x7fe1b9e2a560_0, 0, 8;
    %pushi/vec4 0, 0, 8;
    %store/vec4 v0x7fe1b9e2a5f0_0, 0, 8;
    %pushi/vec4 12, 0, 8;
    %store/vec4 v0x7fe1b9e2a680_0, 0, 8;
    %pushi/vec4 0, 0, 8;
    %store/vec4 v0x7fe1b9e2a730_0, 0, 8;
    %pushi/vec4 0, 0, 8;
    %store/vec4 v0x7fe1b9e2a7e0_0, 0, 8;
    %pushi/vec4 0, 0, 8;
    %store/vec4 v0x7fe1b9e2a890_0, 0, 8;
    %pushi/vec4 0, 0, 8;
    %store/vec4 v0x7fe1b9e2a9f0_0, 0, 8;
    %pushi/vec4 11, 0, 4;
    %store/vec4 v0x7fe1b9e2aba0_0, 0, 4;
    %delay 50, 0;
    %pushi/vec4 0, 0, 8;
    %store/vec4 v0x7fe1b9e19ae0_0, 0, 8;
    %pushi/vec4 0, 0, 8;
    %store/vec4 v0x7fe1b9e29f60_0, 0, 8;
    %pushi/vec4 0, 0, 8;
    %store/vec4 v0x7fe1b9e29ff0_0, 0, 8;
    %pushi/vec4 0, 0, 8;
    %store/vec4 v0x7fe1b9e2a0a0_0, 0, 8;
    %pushi/vec4 0, 0, 8;
    %store/vec4 v0x7fe1b9e2a150_0, 0, 8;
    %pushi/vec4 0, 0, 8;
    %store/vec4 v0x7fe1b9e2a220_0, 0, 8;
    %pushi/vec4 0, 0, 8;
    %store/vec4 v0x7fe1b9e2a2d0_0, 0, 8;
    %pushi/vec4 0, 0, 8;
    %store/vec4 v0x7fe1b9e2a380_0, 0, 8;
    %pushi/vec4 0, 0, 8;
    %store/vec4 v0x7fe1b9e2a430_0, 0, 8;
    %pushi/vec4 0, 0, 8;
    %store/vec4 v0x7fe1b9e2a560_0, 0, 8;
    %pushi/vec4 0, 0, 8;
    %store/vec4 v0x7fe1b9e2a5f0_0, 0, 8;
    %pushi/vec4 0, 0, 8;
    %store/vec4 v0x7fe1b9e2a680_0, 0, 8;
    %pushi/vec4 13, 0, 8;
    %store/vec4 v0x7fe1b9e2a730_0, 0, 8;
    %pushi/vec4 0, 0, 8;
    %store/vec4 v0x7fe1b9e2a7e0_0, 0, 8;
    %pushi/vec4 0, 0, 8;
    %store/vec4 v0x7fe1b9e2a890_0, 0, 8;
    %pushi/vec4 0, 0, 8;
    %store/vec4 v0x7fe1b9e2a9f0_0, 0, 8;
    %pushi/vec4 12, 0, 4;
    %store/vec4 v0x7fe1b9e2aba0_0, 0, 4;
    %delay 50, 0;
    %pushi/vec4 0, 0, 8;
    %store/vec4 v0x7fe1b9e19ae0_0, 0, 8;
    %pushi/vec4 0, 0, 8;
    %store/vec4 v0x7fe1b9e29f60_0, 0, 8;
    %pushi/vec4 0, 0, 8;
    %store/vec4 v0x7fe1b9e29ff0_0, 0, 8;
    %pushi/vec4 0, 0, 8;
    %store/vec4 v0x7fe1b9e2a0a0_0, 0, 8;
    %pushi/vec4 0, 0, 8;
    %store/vec4 v0x7fe1b9e2a150_0, 0, 8;
    %pushi/vec4 0, 0, 8;
    %store/vec4 v0x7fe1b9e2a220_0, 0, 8;
    %pushi/vec4 0, 0, 8;
    %store/vec4 v0x7fe1b9e2a2d0_0, 0, 8;
    %pushi/vec4 0, 0, 8;
    %store/vec4 v0x7fe1b9e2a380_0, 0, 8;
    %pushi/vec4 0, 0, 8;
    %store/vec4 v0x7fe1b9e2a430_0, 0, 8;
    %pushi/vec4 0, 0, 8;
    %store/vec4 v0x7fe1b9e2a560_0, 0, 8;
    %pushi/vec4 0, 0, 8;
    %store/vec4 v0x7fe1b9e2a5f0_0, 0, 8;
    %pushi/vec4 0, 0, 8;
    %store/vec4 v0x7fe1b9e2a680_0, 0, 8;
    %pushi/vec4 0, 0, 8;
    %store/vec4 v0x7fe1b9e2a730_0, 0, 8;
    %pushi/vec4 14, 0, 8;
    %store/vec4 v0x7fe1b9e2a7e0_0, 0, 8;
    %pushi/vec4 0, 0, 8;
    %store/vec4 v0x7fe1b9e2a890_0, 0, 8;
    %pushi/vec4 0, 0, 8;
    %store/vec4 v0x7fe1b9e2a9f0_0, 0, 8;
    %pushi/vec4 13, 0, 4;
    %store/vec4 v0x7fe1b9e2aba0_0, 0, 4;
    %delay 50, 0;
    %pushi/vec4 0, 0, 8;
    %store/vec4 v0x7fe1b9e19ae0_0, 0, 8;
    %pushi/vec4 0, 0, 8;
    %store/vec4 v0x7fe1b9e29f60_0, 0, 8;
    %pushi/vec4 0, 0, 8;
    %store/vec4 v0x7fe1b9e29ff0_0, 0, 8;
    %pushi/vec4 0, 0, 8;
    %store/vec4 v0x7fe1b9e2a0a0_0, 0, 8;
    %pushi/vec4 0, 0, 8;
    %store/vec4 v0x7fe1b9e2a150_0, 0, 8;
    %pushi/vec4 0, 0, 8;
    %store/vec4 v0x7fe1b9e2a220_0, 0, 8;
    %pushi/vec4 0, 0, 8;
    %store/vec4 v0x7fe1b9e2a2d0_0, 0, 8;
    %pushi/vec4 0, 0, 8;
    %store/vec4 v0x7fe1b9e2a380_0, 0, 8;
    %pushi/vec4 0, 0, 8;
    %store/vec4 v0x7fe1b9e2a430_0, 0, 8;
    %pushi/vec4 0, 0, 8;
    %store/vec4 v0x7fe1b9e2a560_0, 0, 8;
    %pushi/vec4 0, 0, 8;
    %store/vec4 v0x7fe1b9e2a5f0_0, 0, 8;
    %pushi/vec4 0, 0, 8;
    %store/vec4 v0x7fe1b9e2a680_0, 0, 8;
    %pushi/vec4 0, 0, 8;
    %store/vec4 v0x7fe1b9e2a730_0, 0, 8;
    %pushi/vec4 0, 0, 8;
    %store/vec4 v0x7fe1b9e2a7e0_0, 0, 8;
    %pushi/vec4 15, 0, 8;
    %store/vec4 v0x7fe1b9e2a890_0, 0, 8;
    %pushi/vec4 0, 0, 8;
    %store/vec4 v0x7fe1b9e2a9f0_0, 0, 8;
    %pushi/vec4 14, 0, 4;
    %store/vec4 v0x7fe1b9e2aba0_0, 0, 4;
    %delay 50, 0;
    %pushi/vec4 0, 0, 8;
    %store/vec4 v0x7fe1b9e19ae0_0, 0, 8;
    %pushi/vec4 0, 0, 8;
    %store/vec4 v0x7fe1b9e29f60_0, 0, 8;
    %pushi/vec4 0, 0, 8;
    %store/vec4 v0x7fe1b9e29ff0_0, 0, 8;
    %pushi/vec4 0, 0, 8;
    %store/vec4 v0x7fe1b9e2a0a0_0, 0, 8;
    %pushi/vec4 0, 0, 8;
    %store/vec4 v0x7fe1b9e2a150_0, 0, 8;
    %pushi/vec4 0, 0, 8;
    %store/vec4 v0x7fe1b9e2a220_0, 0, 8;
    %pushi/vec4 0, 0, 8;
    %store/vec4 v0x7fe1b9e2a2d0_0, 0, 8;
    %pushi/vec4 0, 0, 8;
    %store/vec4 v0x7fe1b9e2a380_0, 0, 8;
    %pushi/vec4 0, 0, 8;
    %store/vec4 v0x7fe1b9e2a430_0, 0, 8;
    %pushi/vec4 0, 0, 8;
    %store/vec4 v0x7fe1b9e2a560_0, 0, 8;
    %pushi/vec4 0, 0, 8;
    %store/vec4 v0x7fe1b9e2a5f0_0, 0, 8;
    %pushi/vec4 0, 0, 8;
    %store/vec4 v0x7fe1b9e2a680_0, 0, 8;
    %pushi/vec4 0, 0, 8;
    %store/vec4 v0x7fe1b9e2a730_0, 0, 8;
    %pushi/vec4 0, 0, 8;
    %store/vec4 v0x7fe1b9e2a7e0_0, 0, 8;
    %pushi/vec4 0, 0, 8;
    %store/vec4 v0x7fe1b9e2a890_0, 0, 8;
    %pushi/vec4 16, 0, 8;
    %store/vec4 v0x7fe1b9e2a9f0_0, 0, 8;
    %pushi/vec4 15, 0, 4;
    %store/vec4 v0x7fe1b9e2aba0_0, 0, 4;
    %delay 50, 0;
    %vpi_call 2 35 "$finish" {0 0 0};
    %end;
    .thread T_1;
# The file index is used to find the file name in the following table.
:file_names 4;
    "N/A";
    "<interactive>";
    "mux_t.v";
    "./mux16_to_1.v";
